# JRE version: OpenJDK Runtime Environment JBR-17.0.7+7-964.1-nomod (17.0.7+7) (build 17.0.7+7-b964.1)
# Java VM: OpenJDK 64-Bit Server VM JBR-17.0.7+7-964.1-nomod (17.0.7+7-b964.1, mixed mode, tiered, compressed oops, compressed class ptrs, g1 gc, windows-amd64)
GC Precious Log:
 CPUs: 4 total, 4 available
 Memory: 12201M
 Large Page Support: Disabled
 NUMA Support: Disabled
 Compressed Oops: Enabled (32-bit)
 Heap Region Size: 1M
 Heap Min Capacity: 256M
 Heap Initial Capacity: 256M
 Heap Max Capacity: 512M
 Pre-touch: Disabled
 Parallel Workers: 4
 Concurrent Workers: 1
 Concurrent Refinement Workers: 4
 Periodic GC: Disabled
Heap:
 garbage-first heap   total 262144K, used 151050K [0x00000000e0000000, 0x0000000100000000)
  region size 1024K, 112 young (114688K), 2 survivors (2048K)
 Metaspace       used 49159K, committed 49664K, reserved 278528K
  class space    used 6421K, committed 6656K, reserved 212992K
GC Heap History (14 events):
Event: 1.881 GC heap before
{Heap before GC invocations=0 (full 0):
 garbage-first heap   total 262144K, used 12288K [0x00000000e0000000, 0x0000000100000000)
  region size 1024K, 13 young (13312K), 0 survivors (0K)
 Metaspace       used 7108K, committed 7296K, reserved 278528K
  class space    used 612K, committed 704K, reserved 212992K
}
Event: 2.040 GC heap after
{Heap after GC invocations=1 (full 0):
 garbage-first heap   total 262144K, used 3919K [0x00000000e0000000, 0x0000000100000000)
  region size 1024K, 2 young (2048K), 2 survivors (2048K)
 Metaspace       used 7108K, committed 7296K, reserved 278528K
  class space    used 612K, committed 704K, reserved 212992K
}
Event: 3.562 GC heap before
{Heap before GC invocations=1 (full 0):
 garbage-first heap   total 262144K, used 22351K [0x00000000e0000000, 0x0000000100000000)
  region size 1024K, 17 young (17408K), 2 survivors (2048K)
 Metaspace       used 11111K, committed 11264K, reserved 278528K
  class space    used 1165K, committed 1280K, reserved 212992K
}
Event: 3.565 GC heap after
{Heap after GC invocations=2 (full 0):
 garbage-first heap   total 262144K, used 9852K [0x00000000e0000000, 0x0000000100000000)
  region size 1024K, 3 young (3072K), 3 survivors (3072K)
 Metaspace       used 11111K, committed 11264K, reserved 278528K
  class space    used 1165K, committed 1280K, reserved 212992K
}
Event: 4.664 GC heap before
{Heap before GC invocations=2 (full 0):
 garbage-first heap   total 262144K, used 31356K [0x00000000e0000000, 0x0000000100000000)
  region size 1024K, 24 young (24576K), 3 survivors (3072K)
 Metaspace       used 11236K, committed 11392K, reserved 278528K
  class space    used 1166K, committed 1280K, reserved 212992K
}
Event: 4.667 GC heap after
{Heap after GC invocations=3 (full 0):
 garbage-first heap   total 262144K, used 11907K [0x00000000e0000000, 0x0000000100000000)
  region size 1024K, 3 young (3072K), 3 survivors (3072K)
 Metaspace       used 11236K, committed 11392K, reserved 278528K
  class space    used 1166K, committed 1280K, reserved 212992K
}
Event: 7.838 GC heap before
{Heap before GC invocations=3 (full 0):
 garbage-first heap   total 262144K, used 52867K [0x00000000e0000000, 0x0000000100000000)
  region size 1024K, 44 young (45056K), 3 survivors (3072K)
 Metaspace       used 21260K, committed 21504K, reserved 278528K
  class space    used 2571K, committed 2688K, reserved 212992K
}
Event: 7.848 GC heap after
{Heap after GC invocations=4 (full 0):
 garbage-first heap   total 262144K, used 17645K [0x00000000e0000000, 0x0000000100000000)
  region size 1024K, 8 young (8192K), 8 survivors (8192K)
 Metaspace       used 21260K, committed 21504K, reserved 278528K
  class space    used 2571K, committed 2688K, reserved 212992K
}
Event: 10.965 GC heap before
{Heap before GC invocations=5 (full 0):
 garbage-first heap   total 262144K, used 79085K [0x00000000e0000000, 0x0000000100000000)
  region size 1024K, 62 young (63488K), 8 survivors (8192K)
 Metaspace       used 30299K, committed 30656K, reserved 278528K
  class space    used 4106K, committed 4288K, reserved 212992K
}
Event: 10.979 GC heap after
{Heap after GC invocations=6 (full 0):
 garbage-first heap   total 262144K, used 29790K [0x00000000e0000000, 0x0000000100000000)
  region size 1024K, 5 young (5120K), 5 survivors (5120K)
 Metaspace       used 30299K, committed 30656K, reserved 278528K
  class space    used 4106K, committed 4288K, reserved 212992K
}
Event: 11.195 GC heap before
{Heap before GC invocations=6 (full 0):
 garbage-first heap   total 262144K, used 36958K [0x00000000e0000000, 0x0000000100000000)
  region size 1024K, 12 young (12288K), 5 survivors (5120K)
 Metaspace       used 31173K, committed 31552K, reserved 278528K
  class space    used 4262K, committed 4416K, reserved 212992K
}
Event: 11.202 GC heap after
{Heap after GC invocations=7 (full 0):
 garbage-first heap   total 262144K, used 30206K [0x00000000e0000000, 0x0000000100000000)
  region size 1024K, 1 young (1024K), 1 survivors (1024K)
 Metaspace       used 31173K, committed 31552K, reserved 278528K
  class space    used 4262K, committed 4416K, reserved 212992K
}
Event: 13.004 GC heap before
{Heap before GC invocations=7 (full 0):
 garbage-first heap   total 262144K, used 59902K [0x00000000e0000000, 0x0000000100000000)
  region size 1024K, 31 young (31744K), 1 survivors (1024K)
 Metaspace       used 35669K, committed 35968K, reserved 278528K
  class space    used 4963K, committed 5120K, reserved 212992K
}
Event: 13.007 GC heap after
{Heap after GC invocations=8 (full 0):
 garbage-first heap   total 262144K, used 31242K [0x00000000e0000000, 0x0000000100000000)
  region size 1024K, 2 young (2048K), 2 survivors (2048K)
 Metaspace       used 35669K, committed 35968K, reserved 278528K
  class space    used 4963K, committed 5120K, reserved 212992K
}

