# JRE version: OpenJDK Runtime Environment JBR-17.0.7+7-964.1-nomod (17.0.7+7) (build 17.0.7+7-b964.1)
# Java VM: OpenJDK 64-Bit Server VM JBR-17.0.7+7-964.1-nomod (17.0.7+7-b964.1, mixed mode, tiered, compressed oops, compressed class ptrs, g1 gc, windows-amd64)
GC Precious Log:
 CPUs: 4 total, 4 available
 Memory: 12201M
 Large Page Support: Disabled
 NUMA Support: Disabled
 Compressed Oops: Enabled (32-bit)
 Heap Region Size: 1M
 Heap Min Capacity: 256M
 Heap Initial Capacity: 256M
 Heap Max Capacity: 512M
 Pre-touch: Disabled
 Parallel Workers: 4
 Concurrent Workers: 1
 Concurrent Refinement Workers: 4
 Periodic GC: Disabled
Heap:
 garbage-first heap   total 262144K, used 132970K [0x00000000e0000000, 0x0000000100000000)
  region size 1024K, 88 young (90112K), 2 survivors (2048K)
 Metaspace       used 55222K, committed 55744K, reserved 278528K
  class space    used 7282K, committed 7552K, reserved 212992K
GC Heap History (16 events):
Event: 1.029 GC heap before
{Heap before GC invocations=0 (full 0):
 garbage-first heap   total 262144K, used 12288K [0x00000000e0000000, 0x0000000100000000)
  region size 1024K, 13 young (13312K), 0 survivors (0K)
 Metaspace       used 7115K, committed 7296K, reserved 278528K
  class space    used 612K, committed 704K, reserved 212992K
}
Event: 1.042 GC heap after
{Heap after GC invocations=1 (full 0):
 garbage-first heap   total 262144K, used 3915K [0x00000000e0000000, 0x0000000100000000)
  region size 1024K, 2 young (2048K), 2 survivors (2048K)
 Metaspace       used 7115K, committed 7296K, reserved 278528K
  class space    used 612K, committed 704K, reserved 212992K
}
Event: 3.172 GC heap before
{Heap before GC invocations=1 (full 0):
 garbage-first heap   total 262144K, used 22347K [0x00000000e0000000, 0x0000000100000000)
  region size 1024K, 17 young (17408K), 2 survivors (2048K)
 Metaspace       used 11131K, committed 11328K, reserved 278528K
  class space    used 1165K, committed 1280K, reserved 212992K
}
Event: 3.177 GC heap after
{Heap after GC invocations=2 (full 0):
 garbage-first heap   total 262144K, used 9718K [0x00000000e0000000, 0x0000000100000000)
  region size 1024K, 3 young (3072K), 3 survivors (3072K)
 Metaspace       used 11131K, committed 11328K, reserved 278528K
  class space    used 1165K, committed 1280K, reserved 212992K
}
Event: 3.988 GC heap before
{Heap before GC invocations=2 (full 0):
 garbage-first heap   total 262144K, used 32246K [0x00000000e0000000, 0x0000000100000000)
  region size 1024K, 25 young (25600K), 3 survivors (3072K)
 Metaspace       used 11244K, committed 11392K, reserved 278528K
  class space    used 1166K, committed 1280K, reserved 212992K
}
Event: 3.991 GC heap after
{Heap after GC invocations=3 (full 0):
 garbage-first heap   total 262144K, used 12561K [0x00000000e0000000, 0x0000000100000000)
  region size 1024K, 3 young (3072K), 3 survivors (3072K)
 Metaspace       used 11244K, committed 11392K, reserved 278528K
  class space    used 1166K, committed 1280K, reserved 212992K
}
Event: 7.191 GC heap before
{Heap before GC invocations=3 (full 0):
 garbage-first heap   total 262144K, used 51473K [0x00000000e0000000, 0x0000000100000000)
  region size 1024K, 42 young (43008K), 3 survivors (3072K)
 Metaspace       used 21325K, committed 21504K, reserved 278528K
  class space    used 2583K, committed 2688K, reserved 212992K
}
Event: 7.198 GC heap after
{Heap after GC invocations=4 (full 0):
 garbage-first heap   total 262144K, used 17554K [0x00000000e0000000, 0x0000000100000000)
  region size 1024K, 8 young (8192K), 8 survivors (8192K)
 Metaspace       used 21325K, committed 21504K, reserved 278528K
  class space    used 2583K, committed 2688K, reserved 212992K
}
Event: 10.024 GC heap before
{Heap before GC invocations=5 (full 0):
 garbage-first heap   total 262144K, used 74898K [0x00000000e0000000, 0x0000000100000000)
  region size 1024K, 58 young (59392K), 8 survivors (8192K)
 Metaspace       used 29540K, committed 29888K, reserved 278528K
  class space    used 4015K, committed 4160K, reserved 212992K
}
Event: 10.036 GC heap after
{Heap after GC invocations=6 (full 0):
 garbage-first heap   total 262144K, used 29135K [0x00000000e0000000, 0x0000000100000000)
  region size 1024K, 5 young (5120K), 5 survivors (5120K)
 Metaspace       used 29540K, committed 29888K, reserved 278528K
  class space    used 4015K, committed 4160K, reserved 212992K
}
Event: 12.278 GC heap before
{Heap before GC invocations=6 (full 0):
 garbage-first heap   total 262144K, used 72143K [0x00000000e0000000, 0x0000000100000000)
  region size 1024K, 48 young (49152K), 5 survivors (5120K)
 Metaspace       used 35812K, committed 36096K, reserved 278528K
  class space    used 4983K, committed 5120K, reserved 212992K
}
Event: 12.282 GC heap after
{Heap after GC invocations=7 (full 0):
 garbage-first heap   total 262144K, used 31145K [0x00000000e0000000, 0x0000000100000000)
  region size 1024K, 7 young (7168K), 7 survivors (7168K)
 Metaspace       used 35812K, committed 36096K, reserved 278528K
  class space    used 4983K, committed 5120K, reserved 212992K
}
Event: 17.257 GC heap before
{Heap before GC invocations=8 (full 0):
 garbage-first heap   total 262144K, used 183721K [0x00000000e0000000, 0x0000000100000000)
  region size 1024K, 153 young (156672K), 7 survivors (7168K)
 Metaspace       used 48939K, committed 49280K, reserved 278528K
  class space    used 6571K, committed 6720K, reserved 212992K
}
Event: 17.273 GC heap after
{Heap after GC invocations=9 (full 0):
 garbage-first heap   total 262144K, used 40663K [0x00000000e0000000, 0x0000000100000000)
  region size 1024K, 16 young (16384K), 16 survivors (16384K)
 Metaspace       used 48939K, committed 49280K, reserved 278528K
  class space    used 6571K, committed 6720K, reserved 212992K
}
Event: 17.282 GC heap before
{Heap before GC invocations=9 (full 0):
 garbage-first heap   total 262144K, used 41687K [0x00000000e0000000, 0x0000000100000000)
  region size 1024K, 17 young (17408K), 16 survivors (16384K)
 Metaspace       used 48940K, committed 49280K, reserved 278528K
  class space    used 6571K, committed 6720K, reserved 212992K
}
Event: 17.297 GC heap after
{Heap after GC invocations=10 (full 0):
 garbage-first heap   total 262144K, used 40810K [0x00000000e0000000, 0x0000000100000000)
  region size 1024K, 2 young (2048K), 2 survivors (2048K)
 Metaspace       used 48940K, committed 49280K, reserved 278528K
  class space    used 6571K, committed 6720K, reserved 212992K
}

